/bin/gst-discoverer-1.0
/bin/gpasswd
/bin/umax_pp
/bin/lastlog
/bin/wget
/bin/rdma
/bin/gst-device-monitor-1.0
/bin/usbhid-dump
/bin/l2test
/bin/nproc
/bin/gst-typefind-1.0
/bin/rctest
/bin/dbus-launch
/bin/hciconfig
/bin/btmon
/bin/gnome-shell
/bin/rfcomm
/bin/lsusb
/bin/rbash
/bin/enchant-lsmod-2
/bin/avahi-browse-domains
/bin/newgrp
/bin/bluemoon
/bin/speech-dispatcher
/bin/faked-tcp
/bin/gst-launch-1.0
/bin/gpu-manager
/bin/gst-play-1.0
/bin/mkfontscale
/bin/ss
/bin/mtr
/bin/faked-sysv
/bin/chage
/bin/sg
/bin/bash
/bin/gst-inspect-1.0
/bin/bluetoothctl
/bin/xkbevd
/bin/xinit
/bin/sort
/bin/lsof
/bin/grub-mkfont
/bin/infobrowser
/bin/btmgmt
/bin/ddstdecode
/bin/qpdldecode
/bin/info
